Using pre-set license
Built from '2021.3/china_unity/release' branch; Version is '2021.3.9f1c1 (0fa35b602de1) revision 1024859'; Using compiler version '192829333'; Build Type 'Release'
OS: 'Windows 11  (10.0.22000) 64bit Core' Language: 'zh' Physical Memory: 15741 MB
BatchMode: 1, IsHumanControllingUs: 0, StartBugReporterOnCrash: 0, Is64bit: 1, IsPro: 1

COMMAND LINE ARGUMENTS:
C:\Program Files\Unity\Hub\Editor\2021.3.9f1c1\Editor\Unity.exe
-adb2
-batchMode
-noUpm
-name
AssetImportWorker2
-projectPath
C:/Users/15514/Desktop/BattleCity
-logFile
Logs/AssetImportWorker2.log
-srvPort
58797
Successfully changed project path to: C:/Users/15514/Desktop/BattleCity
C:/Users/15514/Desktop/BattleCity
[UnityMemory] Configuration Parameters - Can be set up in boot.config
    "memorysetup-bucket-allocator-granularity=16"
    "memorysetup-bucket-allocator-bucket-count=8"
    "memorysetup-bucket-allocator-block-size=33554432"
    "memorysetup-bucket-allocator-block-count=8"
    "memorysetup-main-allocator-block-size=16777216"
    "memorysetup-thread-allocator-block-size=16777216"
    "memorysetup-gfx-main-allocator-block-size=16777216"
    "memorysetup-gfx-thread-allocator-block-size=16777216"
    "memorysetup-cache-allocator-block-size=4194304"
    "memorysetup-typetree-allocator-block-size=2097152"
    "memorysetup-profiler-bucket-allocator-granularity=16"
    "memorysetup-profiler-bucket-allocator-bucket-count=8"
    "memorysetup-profiler-bucket-allocator-block-size=33554432"
    "memorysetup-profiler-bucket-allocator-block-count=8"
    "memorysetup-profiler-allocator-block-size=16777216"
    "memorysetup-profiler-editor-allocator-block-size=1048576"
    "memorysetup-temp-allocator-size-main=16777216"
    "memorysetup-job-temp-allocator-block-size=2097152"
    "memorysetup-job-temp-allocator-block-size-background=1048576"
    "memorysetup-job-temp-allocator-reduction-small-platforms=262144"
    "memorysetup-temp-allocator-size-background-worker=32768"
    "memorysetup-temp-allocator-size-job-worker=262144"
    "memorysetup-temp-allocator-size-preload-manager=33554432"
    "memorysetup-temp-allocator-size-nav-mesh-worker=65536"
    "memorysetup-temp-allocator-size-audio-worker=65536"
    "memorysetup-temp-allocator-size-cloud-worker=32768"
    "memorysetup-temp-allocator-size-gi-baking-worker=262144"
    "memorysetup-temp-allocator-size-gfx=262144"
AS: AutoStreaming module initializing.
Refreshing native plugins compatible for Editor in 103.35 ms, found 4 plugins.
Preloading 0 native plugins for Editor in 0.00 ms.
Initialize engine version: 2021.3.9f1c1 (0fa35b602de1)
[Subsystems] Discovering subsystems at path C:/Program Files/Unity/Hub/Editor/2021.3.9f1c1/Editor/Data/Resources/UnitySubsystems
[Subsystems] Discovering subsystems at path C:/Users/15514/Desktop/BattleCity/Assets
GfxDevice: creating device client; threaded=0; jobified=0
Direct3D:
    Version:  Direct3D 11.0 [level 11.1]
    Renderer: NVIDIA GeForce GTX 1650 (ID=0x1f99)
    Vendor:   NVIDIA
    VRAM:     3962 MB
    Driver:   27.21.14.5749
Initialize mono
Mono path[0] = 'C:/Program Files/Unity/Hub/Editor/2021.3.9f1c1/Editor/Data/Managed'
Mono path[1] = 'C:/Program Files/Unity/Hub/Editor/2021.3.9f1c1/Editor/Data/MonoBleedingEdge/lib/mono/unityjit-win32'
Mono config path = 'C:/Program Files/Unity/Hub/Editor/2021.3.9f1c1/Editor/Data/MonoBleedingEdge/etc'
Using monoOptions --debugger-agent=transport=dt_socket,embedding=1,server=y,suspend=n,address=127.0.0.1:56976
Begin MonoManager ReloadAssembly
Registering precompiled unity dll's ...
Register platform support module: C:/Program Files/Unity/Hub/Editor/2021.3.9f1c1/Editor/Data/PlaybackEngines/WindowsStandaloneSupport/UnityEditor.WindowsStandalone.Extensions.dll
Registered in 0.004711 seconds.
Native extension for WindowsStandalone target not found
Refreshing native plugins compatible for Editor in 102.13 ms, found 4 plugins.
Preloading 0 native plugins for Editor in 0.00 ms.
Mono: successfully reloaded assembly
- Completed reload, in  0.721 seconds
Domain Reload Profiling:
	ReloadAssembly (722ms)
		BeginReloadAssembly (81ms)
			ExecutionOrderSort (0ms)
			DisableScriptedObjects (0ms)
			BackupInstance (0ms)
			ReleaseScriptingObjects (0ms)
			CreateAndSetChildDomain (1ms)
		EndReloadAssembly (520ms)
			LoadAssemblies (77ms)
			RebuildTransferFunctionScriptingTraits (0ms)
			SetupTypeCache (107ms)
			ReleaseScriptCaches (0ms)
			RebuildScriptCaches (36ms)
			SetupLoadedEditorAssemblies (320ms)
				LogAssemblyErrors (0ms)
				InitializePlatformSupportModulesInManaged (8ms)
				SetLoadedEditorAssemblies (0ms)
				RefreshPlugins (102ms)
				BeforeProcessingInitializeOnLoad (1ms)
				ProcessInitializeOnLoadAttributes (140ms)
				ProcessInitializeOnLoadMethodAttributes (68ms)
				AfterProcessingInitializeOnLoad (0ms)
				EditorAssembliesLoaded (0ms)
			ExecutionOrderSort2 (0ms)
			AwakeInstancesAfterBackupRestoration (0ms)
Platform modules already initialized, skipping
Registering precompiled user dll's ...
Registered in 0.013647 seconds.
Begin MonoManager ReloadAssembly
Symbol file LoadedFromMemory doesn't match image C:\Users\15514\Desktop\BattleCity\Library\PackageCache\com.unity.visualscripting@1.7.8\Editor\VisualScripting.Core\Dependencies\YamlDotNet\Unity.VisualScripting.YamlDotNet.dll
Symbol file LoadedFromMemory doesn't match image C:\Users\15514\Desktop\BattleCity\Library\PackageCache\com.unity.visualscripting@1.7.8\Editor\VisualScripting.Core\Dependencies\DotNetZip\Unity.VisualScripting.IonicZip.dll
Native extension for WindowsStandalone target not found
Refreshing native plugins compatible for Editor in 98.38 ms, found 4 plugins.
Preloading 0 native plugins for Editor in 0.00 ms.
Mono: successfully reloaded assembly
- Completed reload, in  1.301 seconds
Domain Reload Profiling:
	ReloadAssembly (1302ms)
		BeginReloadAssembly (120ms)
			ExecutionOrderSort (0ms)
			DisableScriptedObjects (6ms)
			BackupInstance (0ms)
			ReleaseScriptingObjects (0ms)
			CreateAndSetChildDomain (21ms)
		EndReloadAssembly (1047ms)
			LoadAssemblies (92ms)
			RebuildTransferFunctionScriptingTraits (0ms)
			SetupTypeCache (254ms)
			ReleaseScriptCaches (1ms)
			RebuildScriptCaches (71ms)
			SetupLoadedEditorAssemblies (556ms)
				LogAssemblyErrors (0ms)
				InitializePlatformSupportModulesInManaged (5ms)
				SetLoadedEditorAssemblies (0ms)
				RefreshPlugins (98ms)
				BeforeProcessingInitializeOnLoad (116ms)
				ProcessInitializeOnLoadAttributes (272ms)
				ProcessInitializeOnLoadMethodAttributes (54ms)
				AfterProcessingInitializeOnLoad (9ms)
				EditorAssembliesLoaded (0ms)
			ExecutionOrderSort2 (0ms)
			AwakeInstancesAfterBackupRestoration (6ms)
Platform modules already initialized, skipping
========================================================================
Worker process is ready to serve import requests
Launched and connected shader compiler UnityShaderCompiler.exe after 0.07 seconds
Refreshing native plugins compatible for Editor in 0.77 ms, found 4 plugins.
Preloading 0 native plugins for Editor in 0.00 ms.
Unloading 4088 Unused Serialized files (Serialized files now loaded: 0)
Unloading 44 unused Assets / (223.6 KB). Loaded Objects now: 4542.
Memory consumption went from 156.3 MB to 156.1 MB.
Total: 3.517800 ms (FindLiveObjects: 0.348100 ms CreateObjectMapping: 0.115400 ms MarkObjects: 2.883900 ms  DeleteObjects: 0.168700 ms)

AssetImportParameters requested are different than current active one (requested -> active):
  custom:video-decoder-ogg-theora: a1e56fd34408186e4bbccfd4996cb3dc -> 
  custom:container-muxer-webm: aa71ff27fc2769a1b78a27578f13a17b -> 
  custom:container-demuxer-webm: 4f35f7cbe854078d1ac9338744f61a02 -> 
  custom:video-encoder-webm-vp8: eb34c28f22e8b96e1ab97ce403110664 -> 
  custom:audio-encoder-webm-vorbis: bf7c407c2cedff20999df2af8eb42d56 -> 
  custom:framework-win-MediaFoundation: 216162199b28c13a410421893ffa2e32 -> 
  custom:container-demuxer-ogg: 62fdf1f143b41e24485cea50d1cbac27 -> 
  custom:video-decoder-webm-vp8: 9c59270c3fd7afecdb556c50c9e8de78 -> 
  custom:audio-decoder-ogg-vorbis: bf7c407c2cedff20999df2af8eb42d56 -> 
========================================================================
Received Import Request.
  Time since last request: 667744.150536 seconds.
  path: Assets/Prefabs/Tank/Enemy4.prefab
  artifactKey: Guid(a700a15730dfbc64b8bd9fb905234691) Importer(815301076,1909f56bfc062723c751e8b465ee728b)
Start importing Assets/Prefabs/Tank/Enemy4.prefab using Guid(a700a15730dfbc64b8bd9fb905234691) Importer(815301076,1909f56bfc062723c751e8b465ee728b)  -> (artifact id: '7c10355ed0c4ae1e1ec5a9591336c3c4') in 0.132521 seconds 
========================================================================
Received Import Request.
  Time since last request: 1.706531 seconds.
  path: Assets/Prefabs/Tank/Bonus_Enemy1.prefab
  artifactKey: Guid(b576f31600555a8459e9213224b61070) Importer(815301076,1909f56bfc062723c751e8b465ee728b)
Start importing Assets/Prefabs/Tank/Bonus_Enemy1.prefab using Guid(b576f31600555a8459e9213224b61070) Importer(815301076,1909f56bfc062723c751e8b465ee728b)  -> (artifact id: '077a4d84521a7b0cc73890cbaafe1551') in 0.030292 seconds 
========================================================================
Received Import Request.
  Time since last request: 6.719871 seconds.
  path: Assets/Prefabs/Tank/Bonus_Enemy4.prefab
  artifactKey: Guid(a49a6a4906de06b4c92c12e46a5ed7f4) Importer(815301076,1909f56bfc062723c751e8b465ee728b)
Start importing Assets/Prefabs/Tank/Bonus_Enemy4.prefab using Guid(a49a6a4906de06b4c92c12e46a5ed7f4) Importer(815301076,1909f56bfc062723c751e8b465ee728b)  -> (artifact id: '31941b8600375eb2041285dae79b368e') in 0.015435 seconds 
========================================================================
Received Import Request.
  Time since last request: 25.861272 seconds.
  path: Assets/Prefabs/Tank/Bonus_Enemy4.prefab
  artifactKey: Guid(a49a6a4906de06b4c92c12e46a5ed7f4) Importer(815301076,1909f56bfc062723c751e8b465ee728b)
Start importing Assets/Prefabs/Tank/Bonus_Enemy4.prefab using Guid(a49a6a4906de06b4c92c12e46a5ed7f4) Importer(815301076,1909f56bfc062723c751e8b465ee728b)  -> (artifact id: '9eced3dcfa435728e8a0577a0a3e689b') in 0.018211 seconds 
========================================================================
Received Import Request.
  Time since last request: 8.270612 seconds.
  path: Assets/Prefabs/Tank/Bonus_Enemy4.prefab
  artifactKey: Guid(a49a6a4906de06b4c92c12e46a5ed7f4) Importer(815301076,1909f56bfc062723c751e8b465ee728b)
Start importing Assets/Prefabs/Tank/Bonus_Enemy4.prefab using Guid(a49a6a4906de06b4c92c12e46a5ed7f4) Importer(815301076,1909f56bfc062723c751e8b465ee728b)  -> (artifact id: '62b69ffc4734a4c851605e6f4d7c3a76') in 0.015301 seconds 
========================================================================
Received Import Request.
  Time since last request: 4.145086 seconds.
  path: Assets/Prefabs/Tank/Bonus_Enemy4.prefab
  artifactKey: Guid(a49a6a4906de06b4c92c12e46a5ed7f4) Importer(815301076,1909f56bfc062723c751e8b465ee728b)
Start importing Assets/Prefabs/Tank/Bonus_Enemy4.prefab using Guid(a49a6a4906de06b4c92c12e46a5ed7f4) Importer(815301076,1909f56bfc062723c751e8b465ee728b)  -> (artifact id: '697c5b5e6a567e5f91614d5243b377d5') in 0.018113 seconds 
========================================================================
Received Import Request.
  Time since last request: 4.244625 seconds.
  path: Assets/Prefabs/Tank/Bonus_Enemy4.prefab
  artifactKey: Guid(a49a6a4906de06b4c92c12e46a5ed7f4) Importer(815301076,1909f56bfc062723c751e8b465ee728b)
Start importing Assets/Prefabs/Tank/Bonus_Enemy4.prefab using Guid(a49a6a4906de06b4c92c12e46a5ed7f4) Importer(815301076,1909f56bfc062723c751e8b465ee728b)  -> (artifact id: 'da222376ee6abe398190c00436686979') in 0.016282 seconds 
========================================================================
Received Import Request.
  Time since last request: 12.882912 seconds.
  path: Assets/Prefabs/Tank/Bonus_Enemy4.prefab
  artifactKey: Guid(a49a6a4906de06b4c92c12e46a5ed7f4) Importer(815301076,1909f56bfc062723c751e8b465ee728b)
Start importing Assets/Prefabs/Tank/Bonus_Enemy4.prefab using Guid(a49a6a4906de06b4c92c12e46a5ed7f4) Importer(815301076,1909f56bfc062723c751e8b465ee728b)  -> (artifact id: '744f3e75f6578bc6bd52ea7556c5a0ff') in 0.015610 seconds 
========================================================================
Received Import Request.
  Time since last request: 6.167129 seconds.
  path: Assets/Prefabs/Tank/Bonus_Enemy4.prefab
  artifactKey: Guid(a49a6a4906de06b4c92c12e46a5ed7f4) Importer(815301076,1909f56bfc062723c751e8b465ee728b)
Start importing Assets/Prefabs/Tank/Bonus_Enemy4.prefab using Guid(a49a6a4906de06b4c92c12e46a5ed7f4) Importer(815301076,1909f56bfc062723c751e8b465ee728b)  -> (artifact id: '46d5972f75ed476521425096df2f4774') in 0.015931 seconds 
========================================================================
Received Import Request.
  Time since last request: 8.205125 seconds.
  path: Assets/Prefabs/Tank/Bonus_Enemy4.prefab
  artifactKey: Guid(a49a6a4906de06b4c92c12e46a5ed7f4) Importer(815301076,1909f56bfc062723c751e8b465ee728b)
Start importing Assets/Prefabs/Tank/Bonus_Enemy4.prefab using Guid(a49a6a4906de06b4c92c12e46a5ed7f4) Importer(815301076,1909f56bfc062723c751e8b465ee728b)  -> (artifact id: 'a52d01e9f57c4cfe0de0f77d4dcff112') in 0.015255 seconds 
========================================================================
Received Import Request.
  Time since last request: 7.666856 seconds.
  path: Assets/Prefabs/Tank/Bonus_Enemy4.prefab
  artifactKey: Guid(a49a6a4906de06b4c92c12e46a5ed7f4) Importer(815301076,1909f56bfc062723c751e8b465ee728b)
Start importing Assets/Prefabs/Tank/Bonus_Enemy4.prefab using Guid(a49a6a4906de06b4c92c12e46a5ed7f4) Importer(815301076,1909f56bfc062723c751e8b465ee728b)  -> (artifact id: 'ec3ef9a5ef94f295da72e543c5a971d3') in 0.015923 seconds 
========================================================================
Received Import Request.
  Time since last request: 25.755257 seconds.
  path: Assets/Prefabs/Tank/Bonus_Enemy4.prefab
  artifactKey: Guid(a49a6a4906de06b4c92c12e46a5ed7f4) Importer(815301076,1909f56bfc062723c751e8b465ee728b)
Start importing Assets/Prefabs/Tank/Bonus_Enemy4.prefab using Guid(a49a6a4906de06b4c92c12e46a5ed7f4) Importer(815301076,1909f56bfc062723c751e8b465ee728b)  -> (artifact id: '4ba5c7cadd4c233b1ea9e4bf697e5eb6') in 0.016137 seconds 
========================================================================
Received Import Request.
  Time since last request: 5.814350 seconds.
  path: Assets/Prefabs/Tank/Bonus_Enemy4.prefab
  artifactKey: Guid(a49a6a4906de06b4c92c12e46a5ed7f4) Importer(815301076,1909f56bfc062723c751e8b465ee728b)
Start importing Assets/Prefabs/Tank/Bonus_Enemy4.prefab using Guid(a49a6a4906de06b4c92c12e46a5ed7f4) Importer(815301076,1909f56bfc062723c751e8b465ee728b)  -> (artifact id: '01a07230d0b7dcf5daebd62042c7f77a') in 0.017090 seconds 
========================================================================
Received Import Request.
  Time since last request: 7.124238 seconds.
  path: Assets/Prefabs/Tank/Bonus_Enemy4.prefab
  artifactKey: Guid(a49a6a4906de06b4c92c12e46a5ed7f4) Importer(815301076,1909f56bfc062723c751e8b465ee728b)
Start importing Assets/Prefabs/Tank/Bonus_Enemy4.prefab using Guid(a49a6a4906de06b4c92c12e46a5ed7f4) Importer(815301076,1909f56bfc062723c751e8b465ee728b)  -> (artifact id: '046c4dd0c633d5d19ba515f2e0ae465e') in 0.015280 seconds 
========================================================================
Received Import Request.
  Time since last request: 4.666747 seconds.
  path: Assets/Prefabs/Tank/Bonus_Enemy4.prefab
  artifactKey: Guid(a49a6a4906de06b4c92c12e46a5ed7f4) Importer(815301076,1909f56bfc062723c751e8b465ee728b)
Start importing Assets/Prefabs/Tank/Bonus_Enemy4.prefab using Guid(a49a6a4906de06b4c92c12e46a5ed7f4) Importer(815301076,1909f56bfc062723c751e8b465ee728b)  -> (artifact id: 'd89db33f9fa349f732158b4212f5302a') in 0.016199 seconds 
========================================================================
Received Import Request.
  Time since last request: 11.783629 seconds.
  path: Assets/Prefabs/Tank/Bonus_Enemy4.prefab
  artifactKey: Guid(a49a6a4906de06b4c92c12e46a5ed7f4) Importer(815301076,1909f56bfc062723c751e8b465ee728b)
Start importing Assets/Prefabs/Tank/Bonus_Enemy4.prefab using Guid(a49a6a4906de06b4c92c12e46a5ed7f4) Importer(815301076,1909f56bfc062723c751e8b465ee728b)  -> (artifact id: '7e39f488973571606cd10fecd328fbd0') in 0.016871 seconds 
========================================================================
Received Import Request.
  Time since last request: 20.053184 seconds.
  path: Assets/Prefabs/Tank/Bonus_Enemy4.prefab
  artifactKey: Guid(a49a6a4906de06b4c92c12e46a5ed7f4) Importer(815301076,1909f56bfc062723c751e8b465ee728b)
Start importing Assets/Prefabs/Tank/Bonus_Enemy4.prefab using Guid(a49a6a4906de06b4c92c12e46a5ed7f4) Importer(815301076,1909f56bfc062723c751e8b465ee728b)  -> (artifact id: '17fa67f91f40d561a89a969cb6588e79') in 0.021555 seconds 
========================================================================
Received Import Request.
  Time since last request: 3.296934 seconds.
  path: Assets/Prefabs/Tank/Bonus_Enemy4.prefab
  artifactKey: Guid(a49a6a4906de06b4c92c12e46a5ed7f4) Importer(815301076,1909f56bfc062723c751e8b465ee728b)
Start importing Assets/Prefabs/Tank/Bonus_Enemy4.prefab using Guid(a49a6a4906de06b4c92c12e46a5ed7f4) Importer(815301076,1909f56bfc062723c751e8b465ee728b)  -> (artifact id: 'ac76dde3e198981781efe46ed4f5ab3b') in 0.018822 seconds 
========================================================================
Received Import Request.
  Time since last request: 4.246641 seconds.
  path: Assets/Prefabs/Tank/Bonus_Enemy4.prefab
  artifactKey: Guid(a49a6a4906de06b4c92c12e46a5ed7f4) Importer(815301076,1909f56bfc062723c751e8b465ee728b)
Start importing Assets/Prefabs/Tank/Bonus_Enemy4.prefab using Guid(a49a6a4906de06b4c92c12e46a5ed7f4) Importer(815301076,1909f56bfc062723c751e8b465ee728b)  -> (artifact id: '17c14a52399072d8082b7e3142845f98') in 0.016285 seconds 
========================================================================
Received Import Request.
  Time since last request: 18.558966 seconds.
  path: Assets/Prefabs/Tank/Bonus_Enemy4.prefab
  artifactKey: Guid(a49a6a4906de06b4c92c12e46a5ed7f4) Importer(815301076,1909f56bfc062723c751e8b465ee728b)
Start importing Assets/Prefabs/Tank/Bonus_Enemy4.prefab using Guid(a49a6a4906de06b4c92c12e46a5ed7f4) Importer(815301076,1909f56bfc062723c751e8b465ee728b)  -> (artifact id: 'e634ce4d707d31e630c8fc9ad4e394fc') in 0.016259 seconds 
========================================================================
Received Import Request.
  Time since last request: 5.532588 seconds.
  path: Assets/Prefabs/Tank/Bonus_Enemy4.prefab
  artifactKey: Guid(a49a6a4906de06b4c92c12e46a5ed7f4) Importer(815301076,1909f56bfc062723c751e8b465ee728b)
Start importing Assets/Prefabs/Tank/Bonus_Enemy4.prefab using Guid(a49a6a4906de06b4c92c12e46a5ed7f4) Importer(815301076,1909f56bfc062723c751e8b465ee728b)  -> (artifact id: '3235a2258a3bed3c5c047a1fc99005fa') in 0.017863 seconds 
========================================================================
Received Import Request.
  Time since last request: 3.212484 seconds.
  path: Assets/Prefabs/Tank/Bonus_Enemy4.prefab
  artifactKey: Guid(a49a6a4906de06b4c92c12e46a5ed7f4) Importer(815301076,1909f56bfc062723c751e8b465ee728b)
Start importing Assets/Prefabs/Tank/Bonus_Enemy4.prefab using Guid(a49a6a4906de06b4c92c12e46a5ed7f4) Importer(815301076,1909f56bfc062723c751e8b465ee728b)  -> (artifact id: '20c6bf520da91a7576109ecf5c7fb752') in 0.015738 seconds 
========================================================================
Received Import Request.
  Time since last request: 2.848615 seconds.
  path: Assets/Prefabs/Tank/Bonus_Enemy4.prefab
  artifactKey: Guid(a49a6a4906de06b4c92c12e46a5ed7f4) Importer(815301076,1909f56bfc062723c751e8b465ee728b)
Start importing Assets/Prefabs/Tank/Bonus_Enemy4.prefab using Guid(a49a6a4906de06b4c92c12e46a5ed7f4) Importer(815301076,1909f56bfc062723c751e8b465ee728b)  -> (artifact id: 'ce83119d38e275b8713d7314f7b86220') in 0.017618 seconds 
========================================================================
Received Import Request.
  Time since last request: 5.507122 seconds.
  path: Assets/Prefabs/Tank/Bonus_Enemy4.prefab
  artifactKey: Guid(a49a6a4906de06b4c92c12e46a5ed7f4) Importer(815301076,1909f56bfc062723c751e8b465ee728b)
Start importing Assets/Prefabs/Tank/Bonus_Enemy4.prefab using Guid(a49a6a4906de06b4c92c12e46a5ed7f4) Importer(815301076,1909f56bfc062723c751e8b465ee728b)  -> (artifact id: '791c5f16db5ca89583bb98aa40273637') in 0.022210 seconds 
========================================================================
Received Import Request.
  Time since last request: 3.184504 seconds.
  path: Assets/Prefabs/Tank/Bonus_Enemy4.prefab
  artifactKey: Guid(a49a6a4906de06b4c92c12e46a5ed7f4) Importer(815301076,1909f56bfc062723c751e8b465ee728b)
Start importing Assets/Prefabs/Tank/Bonus_Enemy4.prefab using Guid(a49a6a4906de06b4c92c12e46a5ed7f4) Importer(815301076,1909f56bfc062723c751e8b465ee728b)  -> (artifact id: 'b70fa81044c344dcdc5b2537b51e1d31') in 0.016315 seconds 
========================================================================
Received Import Request.
  Time since last request: 5.525818 seconds.
  path: Assets/Prefabs/Tank/Bonus_Enemy4.prefab
  artifactKey: Guid(a49a6a4906de06b4c92c12e46a5ed7f4) Importer(815301076,1909f56bfc062723c751e8b465ee728b)
Start importing Assets/Prefabs/Tank/Bonus_Enemy4.prefab using Guid(a49a6a4906de06b4c92c12e46a5ed7f4) Importer(815301076,1909f56bfc062723c751e8b465ee728b)  -> (artifact id: '00758cbf25da3365a28029fb92554866') in 0.017931 seconds 
========================================================================
Received Import Request.
  Time since last request: 7.592002 seconds.
  path: Assets/Prefabs/Tank/Bonus_Enemy4.prefab
  artifactKey: Guid(a49a6a4906de06b4c92c12e46a5ed7f4) Importer(815301076,1909f56bfc062723c751e8b465ee728b)
Start importing Assets/Prefabs/Tank/Bonus_Enemy4.prefab using Guid(a49a6a4906de06b4c92c12e46a5ed7f4) Importer(815301076,1909f56bfc062723c751e8b465ee728b)  -> (artifact id: '11cf62f94c0c5c4c40e111633c259fe6') in 0.015884 seconds 
========================================================================
Received Import Request.
  Time since last request: 39.100577 seconds.
  path: Assets/Prefabs/Tank/Enemy4.prefab
  artifactKey: Guid(a700a15730dfbc64b8bd9fb905234691) Importer(815301076,1909f56bfc062723c751e8b465ee728b)
Start importing Assets/Prefabs/Tank/Enemy4.prefab using Guid(a700a15730dfbc64b8bd9fb905234691) Importer(815301076,1909f56bfc062723c751e8b465ee728b)  -> (artifact id: '0241c2d8ecfaf5854117c8483b32de7a') in 0.017155 seconds 
========================================================================
Received Import Request.
  Time since last request: 6.668195 seconds.
  path: Assets/Prefabs/Tank/Enemy4.prefab
  artifactKey: Guid(a700a15730dfbc64b8bd9fb905234691) Importer(815301076,1909f56bfc062723c751e8b465ee728b)
Start importing Assets/Prefabs/Tank/Enemy4.prefab using Guid(a700a15730dfbc64b8bd9fb905234691) Importer(815301076,1909f56bfc062723c751e8b465ee728b)  -> (artifact id: '190e5ca6b93855bea9a5fd8f10b217a0') in 0.016037 seconds 
========================================================================
Received Import Request.
  Time since last request: 3.810389 seconds.
  path: Assets/Prefabs/Tank/Enemy4.prefab
  artifactKey: Guid(a700a15730dfbc64b8bd9fb905234691) Importer(815301076,1909f56bfc062723c751e8b465ee728b)
Start importing Assets/Prefabs/Tank/Enemy4.prefab using Guid(a700a15730dfbc64b8bd9fb905234691) Importer(815301076,1909f56bfc062723c751e8b465ee728b)  -> (artifact id: 'e9a6cbfca8907e14ef3eb403e1228d45') in 0.016526 seconds 
========================================================================
Received Import Request.
  Time since last request: 1.959615 seconds.
  path: Assets/Prefabs/Tank/Enemy4.prefab
  artifactKey: Guid(a700a15730dfbc64b8bd9fb905234691) Importer(815301076,1909f56bfc062723c751e8b465ee728b)
Start importing Assets/Prefabs/Tank/Enemy4.prefab using Guid(a700a15730dfbc64b8bd9fb905234691) Importer(815301076,1909f56bfc062723c751e8b465ee728b)  -> (artifact id: '142479834711b6b257c4a219db79782d') in 0.015127 seconds 
========================================================================
Received Import Request.
  Time since last request: 3.686840 seconds.
  path: Assets/Prefabs/Tank/Enemy4.prefab
  artifactKey: Guid(a700a15730dfbc64b8bd9fb905234691) Importer(815301076,1909f56bfc062723c751e8b465ee728b)
Start importing Assets/Prefabs/Tank/Enemy4.prefab using Guid(a700a15730dfbc64b8bd9fb905234691) Importer(815301076,1909f56bfc062723c751e8b465ee728b)  -> (artifact id: 'd3453747bde1ba2e7c1b73de14dc52bb') in 0.020062 seconds 
========================================================================
Received Import Request.
  Time since last request: 22.586942 seconds.
  path: Assets/Prefabs/Tank/Enemy4.prefab
  artifactKey: Guid(a700a15730dfbc64b8bd9fb905234691) Importer(815301076,1909f56bfc062723c751e8b465ee728b)
Start importing Assets/Prefabs/Tank/Enemy4.prefab using Guid(a700a15730dfbc64b8bd9fb905234691) Importer(815301076,1909f56bfc062723c751e8b465ee728b)  -> (artifact id: '321457e7d44cdd41e12fcac181f62e64') in 0.015738 seconds 
========================================================================
Received Import Request.
  Time since last request: 3.668586 seconds.
  path: Assets/Prefabs/Tank/Enemy4.prefab
  artifactKey: Guid(a700a15730dfbc64b8bd9fb905234691) Importer(815301076,1909f56bfc062723c751e8b465ee728b)
Start importing Assets/Prefabs/Tank/Enemy4.prefab using Guid(a700a15730dfbc64b8bd9fb905234691) Importer(815301076,1909f56bfc062723c751e8b465ee728b)  -> (artifact id: '71124168f5e23b63e41319efbaea5405') in 0.015648 seconds 
========================================================================
Received Import Request.
  Time since last request: 3.626200 seconds.
  path: Assets/Prefabs/Tank/Enemy4.prefab
  artifactKey: Guid(a700a15730dfbc64b8bd9fb905234691) Importer(815301076,1909f56bfc062723c751e8b465ee728b)
Start importing Assets/Prefabs/Tank/Enemy4.prefab using Guid(a700a15730dfbc64b8bd9fb905234691) Importer(815301076,1909f56bfc062723c751e8b465ee728b)  -> (artifact id: '03999884c55d80ea6fcbea9cf6a55645') in 0.015883 seconds 
========================================================================
Received Import Request.
  Time since last request: 3.905041 seconds.
  path: Assets/Prefabs/Tank/Enemy4.prefab
  artifactKey: Guid(a700a15730dfbc64b8bd9fb905234691) Importer(815301076,1909f56bfc062723c751e8b465ee728b)
Start importing Assets/Prefabs/Tank/Enemy4.prefab using Guid(a700a15730dfbc64b8bd9fb905234691) Importer(815301076,1909f56bfc062723c751e8b465ee728b)  -> (artifact id: '9f75c040c76ce264fb31dc4665feac42') in 0.017011 seconds 
========================================================================
Received Import Request.
  Time since last request: 10.504123 seconds.
  path: Assets/Prefabs/Tank/Enemy4.prefab
  artifactKey: Guid(a700a15730dfbc64b8bd9fb905234691) Importer(815301076,1909f56bfc062723c751e8b465ee728b)
Start importing Assets/Prefabs/Tank/Enemy4.prefab using Guid(a700a15730dfbc64b8bd9fb905234691) Importer(815301076,1909f56bfc062723c751e8b465ee728b)  -> (artifact id: '02be4c9712abdba840c90752e4af2afc') in 0.015901 seconds 
========================================================================
Received Import Request.
  Time since last request: 3.647793 seconds.
  path: Assets/Prefabs/Tank/Enemy4.prefab
  artifactKey: Guid(a700a15730dfbc64b8bd9fb905234691) Importer(815301076,1909f56bfc062723c751e8b465ee728b)
Start importing Assets/Prefabs/Tank/Enemy4.prefab using Guid(a700a15730dfbc64b8bd9fb905234691) Importer(815301076,1909f56bfc062723c751e8b465ee728b)  -> (artifact id: '5607fa5cca2d6bf49d3a18dfccd029a2') in 0.016143 seconds 
========================================================================
Received Import Request.
  Time since last request: 3.004275 seconds.
  path: Assets/Prefabs/Tank/Enemy4.prefab
  artifactKey: Guid(a700a15730dfbc64b8bd9fb905234691) Importer(815301076,1909f56bfc062723c751e8b465ee728b)
Start importing Assets/Prefabs/Tank/Enemy4.prefab using Guid(a700a15730dfbc64b8bd9fb905234691) Importer(815301076,1909f56bfc062723c751e8b465ee728b)  -> (artifact id: 'f36a185029b82826e0b0755df9ea5df3') in 0.015393 seconds 
========================================================================
Received Import Request.
  Time since last request: 4.000613 seconds.
  path: Assets/Prefabs/Tank/Enemy4.prefab
  artifactKey: Guid(a700a15730dfbc64b8bd9fb905234691) Importer(815301076,1909f56bfc062723c751e8b465ee728b)
Start importing Assets/Prefabs/Tank/Enemy4.prefab using Guid(a700a15730dfbc64b8bd9fb905234691) Importer(815301076,1909f56bfc062723c751e8b465ee728b)  -> (artifact id: 'e5e30d37aca09d532f881b202d3270ad') in 0.015807 seconds 
========================================================================
Received Import Request.
  Time since last request: 11.573346 seconds.
  path: Assets/Prefabs/Tank/Enemy4.prefab
  artifactKey: Guid(a700a15730dfbc64b8bd9fb905234691) Importer(815301076,1909f56bfc062723c751e8b465ee728b)
Start importing Assets/Prefabs/Tank/Enemy4.prefab using Guid(a700a15730dfbc64b8bd9fb905234691) Importer(815301076,1909f56bfc062723c751e8b465ee728b)  -> (artifact id: 'd5244bcf735c0802736f630274e1a2fd') in 0.017626 seconds 
========================================================================
Received Import Request.
  Time since last request: 2.990223 seconds.
  path: Assets/Prefabs/Tank/Enemy4.prefab
  artifactKey: Guid(a700a15730dfbc64b8bd9fb905234691) Importer(815301076,1909f56bfc062723c751e8b465ee728b)
Start importing Assets/Prefabs/Tank/Enemy4.prefab using Guid(a700a15730dfbc64b8bd9fb905234691) Importer(815301076,1909f56bfc062723c751e8b465ee728b)  -> (artifact id: '566f295dd59f297e6d2cfdf92d04bd5c') in 0.014496 seconds 
========================================================================
Received Import Request.
  Time since last request: 3.788213 seconds.
  path: Assets/Prefabs/Tank/Enemy4.prefab
  artifactKey: Guid(a700a15730dfbc64b8bd9fb905234691) Importer(815301076,1909f56bfc062723c751e8b465ee728b)
Start importing Assets/Prefabs/Tank/Enemy4.prefab using Guid(a700a15730dfbc64b8bd9fb905234691) Importer(815301076,1909f56bfc062723c751e8b465ee728b)  -> (artifact id: 'd40914f0daede0e8cc3a0ed397bde5a9') in 0.016500 seconds 
========================================================================
Received Import Request.
  Time since last request: 3.122926 seconds.
  path: Assets/Prefabs/Tank/Enemy4.prefab
  artifactKey: Guid(a700a15730dfbc64b8bd9fb905234691) Importer(815301076,1909f56bfc062723c751e8b465ee728b)
Start importing Assets/Prefabs/Tank/Enemy4.prefab using Guid(a700a15730dfbc64b8bd9fb905234691) Importer(815301076,1909f56bfc062723c751e8b465ee728b)  -> (artifact id: '87ae127ca37ff815a0c6282b6f359748') in 0.014606 seconds 
========================================================================
Received Import Request.
  Time since last request: 5.329096 seconds.
  path: Assets/Prefabs/Tank/Enemy4.prefab
  artifactKey: Guid(a700a15730dfbc64b8bd9fb905234691) Importer(815301076,1909f56bfc062723c751e8b465ee728b)
Start importing Assets/Prefabs/Tank/Enemy4.prefab using Guid(a700a15730dfbc64b8bd9fb905234691) Importer(815301076,1909f56bfc062723c751e8b465ee728b)  -> (artifact id: '006e040f28c2aaa74b6ae0d528d3d1ca') in 0.016092 seconds 
========================================================================
Received Import Request.
  Time since last request: 3.050656 seconds.
  path: Assets/Prefabs/Tank/Enemy4.prefab
  artifactKey: Guid(a700a15730dfbc64b8bd9fb905234691) Importer(815301076,1909f56bfc062723c751e8b465ee728b)
Start importing Assets/Prefabs/Tank/Enemy4.prefab using Guid(a700a15730dfbc64b8bd9fb905234691) Importer(815301076,1909f56bfc062723c751e8b465ee728b)  -> (artifact id: 'b069a6de616a3fd49fc6c044b8d67c6a') in 0.015865 seconds 
========================================================================
Received Import Request.
  Time since last request: 2.976467 seconds.
  path: Assets/Prefabs/Tank/Enemy4.prefab
  artifactKey: Guid(a700a15730dfbc64b8bd9fb905234691) Importer(815301076,1909f56bfc062723c751e8b465ee728b)
Start importing Assets/Prefabs/Tank/Enemy4.prefab using Guid(a700a15730dfbc64b8bd9fb905234691) Importer(815301076,1909f56bfc062723c751e8b465ee728b)  -> (artifact id: 'a2d9b9b7251dd84d9d2575e1543d4bfd') in 0.018087 seconds 
========================================================================
Received Import Request.
  Time since last request: 3.765010 seconds.
  path: Assets/Prefabs/Tank/Enemy4.prefab
  artifactKey: Guid(a700a15730dfbc64b8bd9fb905234691) Importer(815301076,1909f56bfc062723c751e8b465ee728b)
Start importing Assets/Prefabs/Tank/Enemy4.prefab using Guid(a700a15730dfbc64b8bd9fb905234691) Importer(815301076,1909f56bfc062723c751e8b465ee728b)  -> (artifact id: 'c3c883aba9e81ddb36ba6baeba63ba6a') in 0.022243 seconds 
========================================================================
Received Import Request.
  Time since last request: 9.450933 seconds.
  path: Assets/Prefabs/Tank/Enemy4.prefab
  artifactKey: Guid(a700a15730dfbc64b8bd9fb905234691) Importer(815301076,1909f56bfc062723c751e8b465ee728b)
Start importing Assets/Prefabs/Tank/Enemy4.prefab using Guid(a700a15730dfbc64b8bd9fb905234691) Importer(815301076,1909f56bfc062723c751e8b465ee728b)  -> (artifact id: '52a906ef1cd127ad7ae3dfaa2674ca8f') in 0.015688 seconds 
========================================================================
Received Import Request.
  Time since last request: 2.994737 seconds.
  path: Assets/Prefabs/Tank/Enemy4.prefab
  artifactKey: Guid(a700a15730dfbc64b8bd9fb905234691) Importer(815301076,1909f56bfc062723c751e8b465ee728b)
Start importing Assets/Prefabs/Tank/Enemy4.prefab using Guid(a700a15730dfbc64b8bd9fb905234691) Importer(815301076,1909f56bfc062723c751e8b465ee728b)  -> (artifact id: '5b377199126c3109829ddfaeb431540d') in 0.016031 seconds 
========================================================================
Received Import Request.
  Time since last request: 3.410860 seconds.
  path: Assets/Prefabs/Tank/Enemy4.prefab
  artifactKey: Guid(a700a15730dfbc64b8bd9fb905234691) Importer(815301076,1909f56bfc062723c751e8b465ee728b)
Start importing Assets/Prefabs/Tank/Enemy4.prefab using Guid(a700a15730dfbc64b8bd9fb905234691) Importer(815301076,1909f56bfc062723c751e8b465ee728b)  -> (artifact id: 'beecc75f38ffca2960fd12c28b331d2a') in 0.018614 seconds 
========================================================================
Received Import Request.
  Time since last request: 2.846579 seconds.
  path: Assets/Prefabs/Tank/Enemy4.prefab
  artifactKey: Guid(a700a15730dfbc64b8bd9fb905234691) Importer(815301076,1909f56bfc062723c751e8b465ee728b)
Start importing Assets/Prefabs/Tank/Enemy4.prefab using Guid(a700a15730dfbc64b8bd9fb905234691) Importer(815301076,1909f56bfc062723c751e8b465ee728b)  -> (artifact id: '335f09fb3afd492c12163cf2b9036438') in 0.015532 seconds 
========================================================================
Received Import Request.
  Time since last request: 7.536617 seconds.
  path: Assets/Prefabs/Tank/Enemy4.prefab
  artifactKey: Guid(a700a15730dfbc64b8bd9fb905234691) Importer(815301076,1909f56bfc062723c751e8b465ee728b)
Start importing Assets/Prefabs/Tank/Enemy4.prefab using Guid(a700a15730dfbc64b8bd9fb905234691) Importer(815301076,1909f56bfc062723c751e8b465ee728b)  -> (artifact id: 'a4868059c2a309ae8768623f6656a431') in 0.018953 seconds 
========================================================================
Received Import Request.
  Time since last request: 3.528096 seconds.
  path: Assets/Prefabs/Tank/Enemy4.prefab
  artifactKey: Guid(a700a15730dfbc64b8bd9fb905234691) Importer(815301076,1909f56bfc062723c751e8b465ee728b)
Start importing Assets/Prefabs/Tank/Enemy4.prefab using Guid(a700a15730dfbc64b8bd9fb905234691) Importer(815301076,1909f56bfc062723c751e8b465ee728b)  -> (artifact id: 'abdc2c74f48627b87bf2af47e22a549d') in 0.017776 seconds 
========================================================================
Received Import Request.
  Time since last request: 3.210052 seconds.
  path: Assets/Prefabs/Tank/Enemy4.prefab
  artifactKey: Guid(a700a15730dfbc64b8bd9fb905234691) Importer(815301076,1909f56bfc062723c751e8b465ee728b)
Start importing Assets/Prefabs/Tank/Enemy4.prefab using Guid(a700a15730dfbc64b8bd9fb905234691) Importer(815301076,1909f56bfc062723c751e8b465ee728b)  -> (artifact id: 'd6a8636ae41252ba864e504eb84b059c') in 0.016622 seconds 
========================================================================
Received Import Request.
  Time since last request: 2.845856 seconds.
  path: Assets/Prefabs/Tank/Enemy4.prefab
  artifactKey: Guid(a700a15730dfbc64b8bd9fb905234691) Importer(815301076,1909f56bfc062723c751e8b465ee728b)
Start importing Assets/Prefabs/Tank/Enemy4.prefab using Guid(a700a15730dfbc64b8bd9fb905234691) Importer(815301076,1909f56bfc062723c751e8b465ee728b)  -> (artifact id: '54bcea2e8745f5ecc0b682bdb9a46830') in 0.015775 seconds 
========================================================================
Received Prepare
Registering precompiled user dll's ...
Registered in 0.011844 seconds.
Begin MonoManager ReloadAssembly
Symbol file LoadedFromMemory doesn't match image C:\Users\15514\Desktop\BattleCity\Library\PackageCache\com.unity.visualscripting@1.7.8\Editor\VisualScripting.Core\Dependencies\YamlDotNet\Unity.VisualScripting.YamlDotNet.dll
Symbol file LoadedFromMemory doesn't match image C:\Users\15514\Desktop\BattleCity\Library\PackageCache\com.unity.visualscripting@1.7.8\Editor\VisualScripting.Core\Dependencies\DotNetZip\Unity.VisualScripting.IonicZip.dll
Native extension for WindowsStandalone target not found
Refreshing native plugins compatible for Editor in 0.86 ms, found 4 plugins.
Preloading 0 native plugins for Editor in 0.00 ms.
Mono: successfully reloaded assembly
- Completed reload, in  1.162 seconds
Domain Reload Profiling:
	ReloadAssembly (1163ms)
		BeginReloadAssembly (140ms)
			ExecutionOrderSort (0ms)
			DisableScriptedObjects (6ms)
			BackupInstance (0ms)
			ReleaseScriptingObjects (0ms)
			CreateAndSetChildDomain (38ms)
		EndReloadAssembly (911ms)
			LoadAssemblies (86ms)
			RebuildTransferFunctionScriptingTraits (0ms)
			SetupTypeCache (251ms)
			ReleaseScriptCaches (1ms)
			RebuildScriptCaches (62ms)
			SetupLoadedEditorAssemblies (438ms)
				LogAssemblyErrors (0ms)
				InitializePlatformSupportModulesInManaged (21ms)
				SetLoadedEditorAssemblies (1ms)
				RefreshPlugins (1ms)
				BeforeProcessingInitializeOnLoad (98ms)
				ProcessInitializeOnLoadAttributes (258ms)
				ProcessInitializeOnLoadMethodAttributes (48ms)
				AfterProcessingInitializeOnLoad (12ms)
				EditorAssembliesLoaded (0ms)
			ExecutionOrderSort2 (0ms)
			AwakeInstancesAfterBackupRestoration (12ms)
Platform modules already initialized, skipping
Refreshing native plugins compatible for Editor in 3.04 ms, found 4 plugins.
Preloading 0 native plugins for Editor in 0.00 ms.
Unloading 4083 Unused Serialized files (Serialized files now loaded: 0)
Unloading 31 unused Assets / (190.9 KB). Loaded Objects now: 4552.
Memory consumption went from 160.7 MB to 160.5 MB.
Total: 3.467800 ms (FindLiveObjects: 0.360900 ms CreateObjectMapping: 0.107400 ms MarkObjects: 2.852700 ms  DeleteObjects: 0.144800 ms)

AssetImportParameters requested are different than current active one (requested -> active):
  custom:video-decoder-ogg-theora: a1e56fd34408186e4bbccfd4996cb3dc -> 
  custom:container-muxer-webm: aa71ff27fc2769a1b78a27578f13a17b -> 
  custom:container-demuxer-webm: 4f35f7cbe854078d1ac9338744f61a02 -> 
  custom:video-encoder-webm-vp8: eb34c28f22e8b96e1ab97ce403110664 -> 
  custom:audio-encoder-webm-vorbis: bf7c407c2cedff20999df2af8eb42d56 -> 
  custom:framework-win-MediaFoundation: 216162199b28c13a410421893ffa2e32 -> 
  custom:container-demuxer-ogg: 62fdf1f143b41e24485cea50d1cbac27 -> 
  custom:video-decoder-webm-vp8: 9c59270c3fd7afecdb556c50c9e8de78 -> 
  custom:audio-decoder-ogg-vorbis: bf7c407c2cedff20999df2af8eb42d56 -> 
========================================================================
Received Prepare
Registering precompiled user dll's ...
Registered in 0.016520 seconds.
Begin MonoManager ReloadAssembly
Symbol file LoadedFromMemory doesn't match image C:\Users\15514\Desktop\BattleCity\Library\PackageCache\com.unity.visualscripting@1.7.8\Editor\VisualScripting.Core\Dependencies\YamlDotNet\Unity.VisualScripting.YamlDotNet.dll
Symbol file LoadedFromMemory doesn't match image C:\Users\15514\Desktop\BattleCity\Library\PackageCache\com.unity.visualscripting@1.7.8\Editor\VisualScripting.Core\Dependencies\DotNetZip\Unity.VisualScripting.IonicZip.dll
Native extension for WindowsStandalone target not found
Refreshing native plugins compatible for Editor in 0.79 ms, found 4 plugins.
Preloading 0 native plugins for Editor in 0.00 ms.
Mono: successfully reloaded assembly
- Completed reload, in  1.167 seconds
Domain Reload Profiling:
	ReloadAssembly (1168ms)
		BeginReloadAssembly (148ms)
			ExecutionOrderSort (0ms)
			DisableScriptedObjects (8ms)
			BackupInstance (0ms)
			ReleaseScriptingObjects (0ms)
			CreateAndSetChildDomain (47ms)
		EndReloadAssembly (910ms)
			LoadAssemblies (94ms)
			RebuildTransferFunctionScriptingTraits (0ms)
			SetupTypeCache (271ms)
			ReleaseScriptCaches (2ms)
			RebuildScriptCaches (57ms)
			SetupLoadedEditorAssemblies (416ms)
				LogAssemblyErrors (0ms)
				InitializePlatformSupportModulesInManaged (11ms)
				SetLoadedEditorAssemblies (0ms)
				RefreshPlugins (1ms)
				BeforeProcessingInitializeOnLoad (99ms)
				ProcessInitializeOnLoadAttributes (243ms)
				ProcessInitializeOnLoadMethodAttributes (47ms)
				AfterProcessingInitializeOnLoad (13ms)
				EditorAssembliesLoaded (0ms)
			ExecutionOrderSort2 (0ms)
			AwakeInstancesAfterBackupRestoration (9ms)
Platform modules already initialized, skipping
Refreshing native plugins compatible for Editor in 3.35 ms, found 4 plugins.
Preloading 0 native plugins for Editor in 0.00 ms.
Unloading 4083 Unused Serialized files (Serialized files now loaded: 0)
Unloading 31 unused Assets / (190.7 KB). Loaded Objects now: 4555.
Memory consumption went from 160.7 MB to 160.5 MB.
Total: 3.368200 ms (FindLiveObjects: 0.412100 ms CreateObjectMapping: 0.193600 ms MarkObjects: 2.607900 ms  DeleteObjects: 0.152900 ms)

AssetImportParameters requested are different than current active one (requested -> active):
  custom:video-decoder-ogg-theora: a1e56fd34408186e4bbccfd4996cb3dc -> 
  custom:container-muxer-webm: aa71ff27fc2769a1b78a27578f13a17b -> 
  custom:container-demuxer-webm: 4f35f7cbe854078d1ac9338744f61a02 -> 
  custom:video-encoder-webm-vp8: eb34c28f22e8b96e1ab97ce403110664 -> 
  custom:audio-encoder-webm-vorbis: bf7c407c2cedff20999df2af8eb42d56 -> 
  custom:framework-win-MediaFoundation: 216162199b28c13a410421893ffa2e32 -> 
  custom:container-demuxer-ogg: 62fdf1f143b41e24485cea50d1cbac27 -> 
  custom:video-decoder-webm-vp8: 9c59270c3fd7afecdb556c50c9e8de78 -> 
  custom:audio-decoder-ogg-vorbis: bf7c407c2cedff20999df2af8eb42d56 -> 
========================================================================
Received Import Request.
  Time since last request: 159.458379 seconds.
  path: Assets/Prefabs/Tank/Enemy4.prefab
  artifactKey: Guid(a700a15730dfbc64b8bd9fb905234691) Importer(815301076,1909f56bfc062723c751e8b465ee728b)
Start importing Assets/Prefabs/Tank/Enemy4.prefab using Guid(a700a15730dfbc64b8bd9fb905234691) Importer(815301076,1909f56bfc062723c751e8b465ee728b)  -> (artifact id: '3c7c6914bc9bf8aa7525d11d48f03c26') in 0.074971 seconds 
========================================================================
Received Prepare
Registering precompiled user dll's ...
Registered in 0.018811 seconds.
Begin MonoManager ReloadAssembly
Symbol file LoadedFromMemory doesn't match image C:\Users\15514\Desktop\BattleCity\Library\PackageCache\com.unity.visualscripting@1.7.8\Editor\VisualScripting.Core\Dependencies\YamlDotNet\Unity.VisualScripting.YamlDotNet.dll
Symbol file LoadedFromMemory doesn't match image C:\Users\15514\Desktop\BattleCity\Library\PackageCache\com.unity.visualscripting@1.7.8\Editor\VisualScripting.Core\Dependencies\DotNetZip\Unity.VisualScripting.IonicZip.dll
Native extension for WindowsStandalone target not found
Refreshing native plugins compatible for Editor in 0.76 ms, found 4 plugins.
Preloading 0 native plugins for Editor in 0.00 ms.
Mono: successfully reloaded assembly
- Completed reload, in  1.121 seconds
Domain Reload Profiling:
	ReloadAssembly (1122ms)
		BeginReloadAssembly (147ms)
			ExecutionOrderSort (0ms)
			DisableScriptedObjects (7ms)
			BackupInstance (0ms)
			ReleaseScriptingObjects (0ms)
			CreateAndSetChildDomain (42ms)
		EndReloadAssembly (865ms)
			LoadAssemblies (99ms)
			RebuildTransferFunctionScriptingTraits (0ms)
			SetupTypeCache (264ms)
			ReleaseScriptCaches (1ms)
			RebuildScriptCaches (62ms)
			SetupLoadedEditorAssemblies (384ms)
				LogAssemblyErrors (0ms)
				InitializePlatformSupportModulesInManaged (14ms)
				SetLoadedEditorAssemblies (0ms)
				RefreshPlugins (1ms)
				BeforeProcessingInitializeOnLoad (85ms)
				ProcessInitializeOnLoadAttributes (233ms)
				ProcessInitializeOnLoadMethodAttributes (41ms)
				AfterProcessingInitializeOnLoad (9ms)
				EditorAssembliesLoaded (0ms)
			ExecutionOrderSort2 (0ms)
			AwakeInstancesAfterBackupRestoration (9ms)
Platform modules already initialized, skipping
Refreshing native plugins compatible for Editor in 3.37 ms, found 4 plugins.
Preloading 0 native plugins for Editor in 0.00 ms.
Unloading 4083 Unused Serialized files (Serialized files now loaded: 0)
Unloading 31 unused Assets / (190.8 KB). Loaded Objects now: 4558.
Memory consumption went from 160.7 MB to 160.6 MB.
Total: 3.552600 ms (FindLiveObjects: 0.420700 ms CreateObjectMapping: 0.171900 ms MarkObjects: 2.805100 ms  DeleteObjects: 0.153500 ms)

AssetImportParameters requested are different than current active one (requested -> active):
  custom:video-decoder-ogg-theora: a1e56fd34408186e4bbccfd4996cb3dc -> 
  custom:container-muxer-webm: aa71ff27fc2769a1b78a27578f13a17b -> 
  custom:container-demuxer-webm: 4f35f7cbe854078d1ac9338744f61a02 -> 
  custom:video-encoder-webm-vp8: eb34c28f22e8b96e1ab97ce403110664 -> 
  custom:audio-encoder-webm-vorbis: bf7c407c2cedff20999df2af8eb42d56 -> 
  custom:framework-win-MediaFoundation: 216162199b28c13a410421893ffa2e32 -> 
  custom:container-demuxer-ogg: 62fdf1f143b41e24485cea50d1cbac27 -> 
  custom:video-decoder-webm-vp8: 9c59270c3fd7afecdb556c50c9e8de78 -> 
  custom:audio-decoder-ogg-vorbis: bf7c407c2cedff20999df2af8eb42d56 -> 
========================================================================
Received Import Request.
  Time since last request: 253.664504 seconds.
  path: Assets/Prefabs/Effect/Born.prefab
  artifactKey: Guid(4de3e0ea366e52b41aa71e47c688f0cf) Importer(815301076,1909f56bfc062723c751e8b465ee728b)
Start importing Assets/Prefabs/Effect/Born.prefab using Guid(4de3e0ea366e52b41aa71e47c688f0cf) Importer(815301076,1909f56bfc062723c751e8b465ee728b)  -> (artifact id: '8f2b857af0a314e6bd2a2b728d372eec') in 0.109144 seconds 
========================================================================
Received Import Request.
  Time since last request: 63.198262 seconds.
  path: Assets/Prefabs/Tank/Bonus_Enemy1.prefab
  artifactKey: Guid(b576f31600555a8459e9213224b61070) Importer(815301076,1909f56bfc062723c751e8b465ee728b)
Start importing Assets/Prefabs/Tank/Bonus_Enemy1.prefab using Guid(b576f31600555a8459e9213224b61070) Importer(815301076,1909f56bfc062723c751e8b465ee728b)  -> (artifact id: 'ecaf47a0dbca74ad0c008a6e0c4fe53e') in 0.024177 seconds 
========================================================================
Received Import Request.
  Time since last request: 0.000029 seconds.
  path: Assets/Prefabs/Tank/Bonus_Enemy3.prefab
  artifactKey: Guid(4aeae2c2911cd9e4ba38512c0b103382) Importer(815301076,1909f56bfc062723c751e8b465ee728b)
Start importing Assets/Prefabs/Tank/Bonus_Enemy3.prefab using Guid(4aeae2c2911cd9e4ba38512c0b103382) Importer(815301076,1909f56bfc062723c751e8b465ee728b)  -> (artifact id: '9cc5737780a38087db493b33c290e010') in 0.041346 seconds 
========================================================================
Received Import Request.
  Time since last request: 0.000022 seconds.
  path: Assets/Prefabs/Tank/Enemy2.prefab
  artifactKey: Guid(c3c739e1ee4ac9b458a129c6a14d0495) Importer(815301076,1909f56bfc062723c751e8b465ee728b)
Start importing Assets/Prefabs/Tank/Enemy2.prefab using Guid(c3c739e1ee4ac9b458a129c6a14d0495) Importer(815301076,1909f56bfc062723c751e8b465ee728b)  -> (artifact id: 'eb172928a1a22e97cbf0a9c42ea433a3') in 0.027924 seconds 
========================================================================
Received Import Request.
  Time since last request: 0.000037 seconds.
  path: Assets/Prefabs/Tank/Enemy1.prefab
  artifactKey: Guid(eea9a532197bc054c816f9bc2f1b1e20) Importer(815301076,1909f56bfc062723c751e8b465ee728b)
Start importing Assets/Prefabs/Tank/Enemy1.prefab using Guid(eea9a532197bc054c816f9bc2f1b1e20) Importer(815301076,1909f56bfc062723c751e8b465ee728b)  -> (artifact id: 'f161c15ea04706d8aa79c989d6861919') in 0.024928 seconds 
========================================================================
Received Import Request.
  Time since last request: 143.108984 seconds.
  path: Assets/Prefabs/Tank/Bonus_Enemy2.prefab
  artifactKey: Guid(63b39517331d74f4eb527937bab73b69) Importer(815301076,1909f56bfc062723c751e8b465ee728b)
Start importing Assets/Prefabs/Tank/Bonus_Enemy2.prefab using Guid(63b39517331d74f4eb527937bab73b69) Importer(815301076,1909f56bfc062723c751e8b465ee728b)  -> (artifact id: '88a9c95df638974461be6d2017db3729') in 0.021998 seconds 
========================================================================
Received Import Request.
  Time since last request: 0.000025 seconds.
  path: Assets/Prefabs/Tank/Enemy2.prefab
  artifactKey: Guid(c3c739e1ee4ac9b458a129c6a14d0495) Importer(815301076,1909f56bfc062723c751e8b465ee728b)
Start importing Assets/Prefabs/Tank/Enemy2.prefab using Guid(c3c739e1ee4ac9b458a129c6a14d0495) Importer(815301076,1909f56bfc062723c751e8b465ee728b)  -> (artifact id: '48a8b1a1a2e73d0d86647777b4dddd00') in 0.026024 seconds 
========================================================================
Received Import Request.
  Time since last request: 0.000036 seconds.
  path: Assets/Prefabs/Tank/Enemy3.prefab
  artifactKey: Guid(e10697fd8df157e41ad5cd4ddb2d52b4) Importer(815301076,1909f56bfc062723c751e8b465ee728b)
Start importing Assets/Prefabs/Tank/Enemy3.prefab using Guid(e10697fd8df157e41ad5cd4ddb2d52b4) Importer(815301076,1909f56bfc062723c751e8b465ee728b)  -> (artifact id: '175ee285e5b49597ea9e2a52a05db347') in 0.017812 seconds 
========================================================================
Received Import Request.
  Time since last request: 0.000026 seconds.
  path: Assets/Prefabs/Tank/Enemy4.prefab
  artifactKey: Guid(a700a15730dfbc64b8bd9fb905234691) Importer(815301076,1909f56bfc062723c751e8b465ee728b)
Start importing Assets/Prefabs/Tank/Enemy4.prefab using Guid(a700a15730dfbc64b8bd9fb905234691) Importer(815301076,1909f56bfc062723c751e8b465ee728b)  -> (artifact id: '09843fe2d1a0657c9a4bcbe7246584eb') in 0.016213 seconds 
========================================================================
Received Import Request.
  Time since last request: 0.000024 seconds.
  path: Assets/Prefabs/Tank/Enemy1.prefab
  artifactKey: Guid(eea9a532197bc054c816f9bc2f1b1e20) Importer(815301076,1909f56bfc062723c751e8b465ee728b)
Start importing Assets/Prefabs/Tank/Enemy1.prefab using Guid(eea9a532197bc054c816f9bc2f1b1e20) Importer(815301076,1909f56bfc062723c751e8b465ee728b)  -> (artifact id: 'bbf53cda9a59791af4fda361d3a11a36') in 0.018735 seconds 
========================================================================
Received Import Request.
  Time since last request: 0.000025 seconds.
  path: Assets/Prefabs/Tank/Bonus_Enemy4.prefab
  artifactKey: Guid(a49a6a4906de06b4c92c12e46a5ed7f4) Importer(815301076,1909f56bfc062723c751e8b465ee728b)
Start importing Assets/Prefabs/Tank/Bonus_Enemy4.prefab using Guid(a49a6a4906de06b4c92c12e46a5ed7f4) Importer(815301076,1909f56bfc062723c751e8b465ee728b)  -> (artifact id: '01aa6b25ca00f1977aeaaf9ddf04041f') in 0.017179 seconds 
========================================================================
Received Import Request.
  Time since last request: 42.756840 seconds.
  path: Assets/Prefabs/Tank/Bonus_Enemy3.prefab
  artifactKey: Guid(4aeae2c2911cd9e4ba38512c0b103382) Importer(815301076,1909f56bfc062723c751e8b465ee728b)
Start importing Assets/Prefabs/Tank/Bonus_Enemy3.prefab using Guid(4aeae2c2911cd9e4ba38512c0b103382) Importer(815301076,1909f56bfc062723c751e8b465ee728b)  -> (artifact id: 'db905f9345668bf1710263419550257c') in 0.023061 seconds 
========================================================================
Received Import Request.
  Time since last request: 0.000025 seconds.
  path: Assets/Prefabs/Tank/Enemy3.prefab
  artifactKey: Guid(e10697fd8df157e41ad5cd4ddb2d52b4) Importer(815301076,1909f56bfc062723c751e8b465ee728b)
Start importing Assets/Prefabs/Tank/Enemy3.prefab using Guid(e10697fd8df157e41ad5cd4ddb2d52b4) Importer(815301076,1909f56bfc062723c751e8b465ee728b)  -> (artifact id: '52fcfe5b54604db9bbcdc947bed5b4b4') in 0.019394 seconds 
========================================================================
Received Import Request.
  Time since last request: 0.000025 seconds.
  path: Assets/Prefabs/Tank/Enemy4.prefab
  artifactKey: Guid(a700a15730dfbc64b8bd9fb905234691) Importer(815301076,1909f56bfc062723c751e8b465ee728b)
Start importing Assets/Prefabs/Tank/Enemy4.prefab using Guid(a700a15730dfbc64b8bd9fb905234691) Importer(815301076,1909f56bfc062723c751e8b465ee728b)  -> (artifact id: 'fb98bc126a12ad74ddb0fdfd2ae08511') in 0.017457 seconds 
========================================================================
Received Prepare
Registering precompiled user dll's ...
Registered in 0.017134 seconds.
Begin MonoManager ReloadAssembly
Symbol file LoadedFromMemory doesn't match image C:\Users\15514\Desktop\BattleCity\Library\PackageCache\com.unity.visualscripting@1.7.8\Editor\VisualScripting.Core\Dependencies\YamlDotNet\Unity.VisualScripting.YamlDotNet.dll
Symbol file LoadedFromMemory doesn't match image C:\Users\15514\Desktop\BattleCity\Library\PackageCache\com.unity.visualscripting@1.7.8\Editor\VisualScripting.Core\Dependencies\DotNetZip\Unity.VisualScripting.IonicZip.dll
Native extension for WindowsStandalone target not found
Refreshing native plugins compatible for Editor in 0.80 ms, found 4 plugins.
Preloading 0 native plugins for Editor in 0.00 ms.
Mono: successfully reloaded assembly
- Completed reload, in  1.166 seconds
Domain Reload Profiling:
	ReloadAssembly (1168ms)
		BeginReloadAssembly (157ms)
			ExecutionOrderSort (0ms)
			DisableScriptedObjects (7ms)
			BackupInstance (0ms)
			ReleaseScriptingObjects (0ms)
			CreateAndSetChildDomain (42ms)
		EndReloadAssembly (889ms)
			LoadAssemblies (116ms)
			RebuildTransferFunctionScriptingTraits (0ms)
			SetupTypeCache (272ms)
			ReleaseScriptCaches (1ms)
			RebuildScriptCaches (55ms)
			SetupLoadedEditorAssemblies (370ms)
				LogAssemblyErrors (0ms)
				InitializePlatformSupportModulesInManaged (13ms)
				SetLoadedEditorAssemblies (0ms)
				RefreshPlugins (1ms)
				BeforeProcessingInitializeOnLoad (88ms)
				ProcessInitializeOnLoadAttributes (216ms)
				ProcessInitializeOnLoadMethodAttributes (41ms)
				AfterProcessingInitializeOnLoad (10ms)
				EditorAssembliesLoaded (0ms)
			ExecutionOrderSort2 (0ms)
			AwakeInstancesAfterBackupRestoration (9ms)
Platform modules already initialized, skipping
Refreshing native plugins compatible for Editor in 3.39 ms, found 4 plugins.
Preloading 0 native plugins for Editor in 0.00 ms.
Unloading 4083 Unused Serialized files (Serialized files now loaded: 0)
Unloading 31 unused Assets / (190.7 KB). Loaded Objects now: 4561.
Memory consumption went from 160.8 MB to 160.6 MB.
Total: 3.794300 ms (FindLiveObjects: 0.525800 ms CreateObjectMapping: 0.144100 ms MarkObjects: 2.960300 ms  DeleteObjects: 0.162200 ms)

AssetImportParameters requested are different than current active one (requested -> active):
  custom:video-decoder-ogg-theora: a1e56fd34408186e4bbccfd4996cb3dc -> 
  custom:container-muxer-webm: aa71ff27fc2769a1b78a27578f13a17b -> 
  custom:container-demuxer-webm: 4f35f7cbe854078d1ac9338744f61a02 -> 
  custom:video-encoder-webm-vp8: eb34c28f22e8b96e1ab97ce403110664 -> 
  custom:audio-encoder-webm-vorbis: bf7c407c2cedff20999df2af8eb42d56 -> 
  custom:framework-win-MediaFoundation: 216162199b28c13a410421893ffa2e32 -> 
  custom:container-demuxer-ogg: 62fdf1f143b41e24485cea50d1cbac27 -> 
  custom:video-decoder-webm-vp8: 9c59270c3fd7afecdb556c50c9e8de78 -> 
  custom:audio-decoder-ogg-vorbis: bf7c407c2cedff20999df2af8eb42d56 -> 
========================================================================
Received Import Request.
  Time since last request: 8.515645 seconds.
  path: Assets/Prefabs/Tank/Bonus_Enemy3.prefab
  artifactKey: Guid(4aeae2c2911cd9e4ba38512c0b103382) Importer(815301076,1909f56bfc062723c751e8b465ee728b)
Start importing Assets/Prefabs/Tank/Bonus_Enemy3.prefab using Guid(4aeae2c2911cd9e4ba38512c0b103382) Importer(815301076,1909f56bfc062723c751e8b465ee728b)  -> (artifact id: '1a525cebe737adc83fa9cad4aff6b11c') in 0.069147 seconds 
========================================================================
Received Import Request.
  Time since last request: 0.000029 seconds.
  path: Assets/Prefabs/Tank/Enemy3.prefab
  artifactKey: Guid(e10697fd8df157e41ad5cd4ddb2d52b4) Importer(815301076,1909f56bfc062723c751e8b465ee728b)
Start importing Assets/Prefabs/Tank/Enemy3.prefab using Guid(e10697fd8df157e41ad5cd4ddb2d52b4) Importer(815301076,1909f56bfc062723c751e8b465ee728b)  -> (artifact id: '8372693f053b928d17c473f3ead6293f') in 0.044148 seconds 
Editor requested this worker to shutdown with reason: Scaling down because of idle timeout
AssetImportWorker is now disconnected from the server
Process exiting
Exiting without the bug reporter. Application will terminate with return code 0